<?xml version="1.0" encoding="UTF-8"?>
<!-- Generated by org.testng.reporters.JUnitXMLReporter -->
<testsuite ignored="0" hostname="Brian" failures="0" tests="5" name="TC005" time="33.359" errors="0" timestamp="2021-11-20T22:07:45 IST">
  <testcase classname="com.mindtree.runner.TC001_WishList_AddToWishList" name="openUrl" time="13.076"/>
  <testcase classname="com.mindtree.runner.TC001_WishList_AddToWishList" name="searchAGift" time="4.257"/>
  <testcase classname="com.mindtree.runner.TC001_WishList_AddToWishList" name="selecttheGift" time="4.246"/>
  <testcase classname="com.mindtree.runner.TC001_WishList_AddToWishList" name="addGiftToWishlist" time="1.179"/>
  <testcase classname="com.mindtree.runner.TC001_WishList_AddToWishList" name="validateWishList" time="5.169"/>
</testsuite> <!-- TC005 -->
