<?xml version="1.0" encoding="UTF-8"?>
<!-- Generated by org.testng.reporters.JUnitXMLReporter -->
<testsuite ignored="0" hostname="Brian" failures="0" tests="4" name="TC004" time="23.279" errors="0" timestamp="2021-11-20T22:07:12 IST">
  <testcase classname="com.mindtree.runner.TC004_PlaceAOrder_SearchAProduct" name="openUrl" time="6.314"/>
  <testcase classname="com.mindtree.runner.TC004_PlaceAOrder_SearchAProduct" name="searchAGift" time="3.734"/>
  <testcase classname="com.mindtree.runner.TC004_PlaceAOrder_SearchAProduct" name="selecttheGift" time="4.924"/>
  <testcase classname="com.mindtree.runner.TC004_PlaceAOrder_SearchAProduct" name="addGiftToCart" time="0.437"/>
</testsuite> <!-- TC004 -->
