<?xml version="1.0" encoding="UTF-8"?>
<!-- Generated by org.testng.reporters.JUnitXMLReporter -->
<testsuite ignored="0" hostname="Brian" failures="0" tests="3" name="TC002" time="28.119" errors="0" timestamp="2021-11-20T22:06:18 IST">
  <testcase classname="com.mindtree.runner.TC002_PlaceAOrder_PersonalisedGift" name="openUrl" time="4.924"/>
  <testcase classname="com.mindtree.runner.TC002_PlaceAOrder_PersonalisedGift" name="selectGift_PersonalizedGift" time="11.083"/>
  <testcase classname="com.mindtree.runner.TC002_PlaceAOrder_PersonalisedGift" name="placeOrder_PersonalizedGift" time="6.128"/>
</testsuite> <!-- TC002 -->
