<?xml version="1.0" encoding="UTF-8"?>
<!-- Generated by org.testng.reporters.JUnitXMLReporter -->
<testsuite ignored="0" hostname="Brian" failures="0" tests="5" name="TC007" time="35.465" errors="0" timestamp="2021-11-20T22:08:54 IST">
  <testcase classname="com.mindtree.runner.TC003_WishList_AddToCartFromWishList" name="openUrl" time="9.571"/>
  <testcase classname="com.mindtree.runner.TC003_WishList_AddToCartFromWishList" name="searchAGift" time="5.239"/>
  <testcase classname="com.mindtree.runner.TC003_WishList_AddToCartFromWishList" name="selecttheGift" time="5.463"/>
  <testcase classname="com.mindtree.runner.TC003_WishList_AddToCartFromWishList" name="addGiftToWishlist" time="2.28"/>
  <testcase classname="com.mindtree.runner.TC003_WishList_AddToCartFromWishList" name="addToCartFromWishlist" time="9.618"/>
</testsuite> <!-- TC007 -->
