<?xml version="1.0" encoding="UTF-8"?>
<!-- Generated by org.testng.reporters.JUnitXMLReporter -->
<testsuite ignored="0" hostname="Brian" failures="0" tests="4" name="TC003" time="29.79" errors="0" timestamp="2021-11-20T22:06:48 IST">
  <testcase classname="com.mindtree.runner.TC003_PlaceAOrder_BirthdayGift" name="openUrl" time="8.932"/>
  <testcase classname="com.mindtree.runner.TC003_PlaceAOrder_BirthdayGift" name="selectGiftCateg_BirthdayGift" time="8.946"/>
  <testcase classname="com.mindtree.runner.TC003_PlaceAOrder_BirthdayGift" name="selectGift_Birthdaygift" time="2.822"/>
  <testcase classname="com.mindtree.runner.TC003_PlaceAOrder_BirthdayGift" name="placeOrder_Birthdaygift" time="1.007"/>
</testsuite> <!-- TC003 -->
