<?xml version="1.0" encoding="UTF-8"?>
<!-- Generated by org.testng.reporters.JUnitXMLReporter -->
<testsuite ignored="0" hostname="Brian" failures="0" tests="3" name="TC009" time="30.317" errors="0" timestamp="2021-11-20T22:10:17 IST">
  <testcase classname="com.mindtree.runner.TC002_Cart_RemoveFromCart" name="openUrl" time="9.979"/>
  <testcase classname="com.mindtree.runner.TC002_Cart_RemoveFromCart" name="selectGiftAddToCart" time="9.877"/>
  <testcase classname="com.mindtree.runner.TC002_Cart_RemoveFromCart" name="removeGift" time="2.752"/>
</testsuite> <!-- TC009 -->
