<?xml version="1.0" encoding="UTF-8"?>
<!-- Generated by org.testng.reporters.JUnitXMLReporter -->
<testsuite ignored="0" hostname="Brian" failures="0" tests="6" name="TC008" time="52.935" errors="0" timestamp="2021-11-20T22:09:47 IST">
  <testcase classname="com.mindtree.runner.TC001_Cart_CheckOut" name="openUrl" time="7.678"/>
  <testcase classname="com.mindtree.runner.TC001_Cart_CheckOut" name="selectGift" time="7.516"/>
  <testcase classname="com.mindtree.runner.TC001_Cart_CheckOut" name="addGiftToCart" time="1.121"/>
  <testcase classname="com.mindtree.runner.TC001_Cart_CheckOut" name="clickOnCheckOut" time="1.076"/>
  <testcase classname="com.mindtree.runner.TC001_Cart_CheckOut" name="fillInfo" time="18.911"/>
  <testcase classname="com.mindtree.runner.TC001_Cart_CheckOut" name="chooseShippingPay" time="13.248"/>
</testsuite> <!-- TC008 -->
