<?xml version="1.0" encoding="UTF-8"?>
<!-- Generated by org.testng.reporters.JUnitXMLReporter -->
<testsuite ignored="0" hostname="Brian" failures="0" tests="5" name="TC006" time="33.656" errors="0" timestamp="2021-11-20T22:08:19 IST">
  <testcase classname="com.mindtree.runner.TC002_WishList_RemoveFromWishList" name="openUrl" time="10.451"/>
  <testcase classname="com.mindtree.runner.TC002_WishList_RemoveFromWishList" name="searchAGift" time="3.478"/>
  <testcase classname="com.mindtree.runner.TC002_WishList_RemoveFromWishList" name="selecttheGift" time="6.554"/>
  <testcase classname="com.mindtree.runner.TC002_WishList_RemoveFromWishList" name="addGiftToWishlist" time="0.975"/>
  <testcase classname="com.mindtree.runner.TC002_WishList_RemoveFromWishList" name="removeGiftFromWishlist" time="5.036"/>
</testsuite> <!-- TC006 -->
