<?xml version="1.0" encoding="UTF-8"?>
<!-- Generated by org.testng.reporters.JUnitXMLReporter -->
<testsuite ignored="0" hostname="Brian" failures="0" tests="5" name="TC006" time="22.909" errors="0" timestamp="2021-11-21T00:42:32 IST">
  <testcase classname="com.mindtree.runner.TC002_WishList_RemoveFromWishList" name="openUrl" time="7.237"/>
  <testcase classname="com.mindtree.runner.TC002_WishList_RemoveFromWishList" name="searchAGift" time="3.271"/>
  <testcase classname="com.mindtree.runner.TC002_WishList_RemoveFromWishList" name="selecttheGift" time="3.941"/>
  <testcase classname="com.mindtree.runner.TC002_WishList_RemoveFromWishList" name="addGiftToWishlist" time="0.66"/>
  <testcase classname="com.mindtree.runner.TC002_WishList_RemoveFromWishList" name="removeGiftFromWishlist" time="4.34"/>
</testsuite> <!-- TC006 -->
