<?xml version="1.0" encoding="UTF-8"?>
<!-- Generated by org.testng.reporters.JUnitXMLReporter -->
<testsuite ignored="0" hostname="Brian" failures="0" tests="5" name="TC007" time="28.9" errors="0" timestamp="2021-11-21T00:43:01 IST">
  <testcase classname="com.mindtree.runner.TC003_WishList_AddToCartFromWishList" name="openUrl" time="8.423"/>
  <testcase classname="com.mindtree.runner.TC003_WishList_AddToCartFromWishList" name="searchAGift" time="3.349"/>
  <testcase classname="com.mindtree.runner.TC003_WishList_AddToCartFromWishList" name="selecttheGift" time="2.659"/>
  <testcase classname="com.mindtree.runner.TC003_WishList_AddToCartFromWishList" name="addGiftToWishlist" time="0.772"/>
  <testcase classname="com.mindtree.runner.TC003_WishList_AddToCartFromWishList" name="addToCartFromWishlist" time="6.627"/>
</testsuite> <!-- TC007 -->
