<?xml version="1.0" encoding="UTF-8"?>
<!-- Generated by org.testng.reporters.JUnitXMLReporter -->
<testsuite ignored="0" hostname="Brian" failures="0" tests="4" name="TC004" time="20.355" errors="0" timestamp="2021-11-21T00:41:44 IST">
  <testcase classname="com.mindtree.runner.TC004_PlaceAOrder_SearchAProduct" name="openUrl" time="6.338"/>
  <testcase classname="com.mindtree.runner.TC004_PlaceAOrder_SearchAProduct" name="searchAGift" time="2.928"/>
  <testcase classname="com.mindtree.runner.TC004_PlaceAOrder_SearchAProduct" name="selecttheGift" time="3.447"/>
  <testcase classname="com.mindtree.runner.TC004_PlaceAOrder_SearchAProduct" name="addGiftToCart" time="0.502"/>
</testsuite> <!-- TC004 -->
