<?xml version="1.0" encoding="UTF-8"?>
<!-- Generated by org.testng.reporters.JUnitXMLReporter -->
<testsuite ignored="0" hostname="Brian" failures="0" tests="3" name="TC009" time="25.179" errors="0" timestamp="2021-11-21T00:44:18 IST">
  <testcase classname="com.mindtree.runner.TC002_Cart_RemoveFromCart" name="openUrl" time="6.473"/>
  <testcase classname="com.mindtree.runner.TC002_Cart_RemoveFromCart" name="selectGiftAddToCart" time="8.876"/>
  <testcase classname="com.mindtree.runner.TC002_Cart_RemoveFromCart" name="removeGift" time="2.732"/>
</testsuite> <!-- TC009 -->
