<?xml version="1.0" encoding="UTF-8"?>
<!-- Generated by org.testng.reporters.JUnitXMLReporter -->
<testsuite ignored="0" hostname="Brian" failures="0" tests="6" name="TC008" time="51.813" errors="0" timestamp="2021-11-21T00:43:53 IST">
  <testcase classname="com.mindtree.runner.TC001_Cart_CheckOut" name="openUrl" time="6.31"/>
  <testcase classname="com.mindtree.runner.TC001_Cart_CheckOut" name="selectGift" time="6.562"/>
  <testcase classname="com.mindtree.runner.TC001_Cart_CheckOut" name="addGiftToCart" time="0.568"/>
  <testcase classname="com.mindtree.runner.TC001_Cart_CheckOut" name="clickOnCheckOut" time="2.027"/>
  <testcase classname="com.mindtree.runner.TC001_Cart_CheckOut" name="fillInfo" time="19.016"/>
  <testcase classname="com.mindtree.runner.TC001_Cart_CheckOut" name="chooseShippingPay" time="11.45"/>
</testsuite> <!-- TC008 -->
