<?xml version="1.0" encoding="UTF-8"?>
<!-- Generated by org.testng.reporters.JUnitXMLReporter -->
<testsuite ignored="0" hostname="Brian" failures="0" tests="3" name="TC002" time="19.631" errors="0" timestamp="2021-11-21T00:41:02 IST">
  <testcase classname="com.mindtree.runner.TC002_PlaceAOrder_PersonalisedGift" name="openUrl" time="5.358"/>
  <testcase classname="com.mindtree.runner.TC002_PlaceAOrder_PersonalisedGift" name="selectGift_PersonalizedGift" time="8.556"/>
  <testcase classname="com.mindtree.runner.TC002_PlaceAOrder_PersonalisedGift" name="placeOrder_PersonalizedGift" time="4.052"/>
</testsuite> <!-- TC002 -->
