<?xml version="1.0" encoding="UTF-8"?>
<!-- Generated by org.testng.reporters.JUnitXMLReporter -->
<testsuite ignored="0" hostname="Brian" failures="0" tests="4" name="TC003" time="20.952" errors="0" timestamp="2021-11-21T00:41:23 IST">
  <testcase classname="com.mindtree.runner.TC003_PlaceAOrder_BirthdayGift" name="openUrl" time="6.128"/>
  <testcase classname="com.mindtree.runner.TC003_PlaceAOrder_BirthdayGift" name="selectGiftCateg_BirthdayGift" time="4.767"/>
  <testcase classname="com.mindtree.runner.TC003_PlaceAOrder_BirthdayGift" name="selectGift_Birthdaygift" time="2.982"/>
  <testcase classname="com.mindtree.runner.TC003_PlaceAOrder_BirthdayGift" name="placeOrder_Birthdaygift" time="0.534"/>
</testsuite> <!-- TC003 -->
