<?xml version="1.0" encoding="UTF-8"?>
<!-- Generated by org.testng.reporters.JUnitXMLReporter -->
<testsuite ignored="0" hostname="Brian" failures="0" tests="5" name="TC005" time="25.57" errors="0" timestamp="2021-11-21T00:42:09 IST">
  <testcase classname="com.mindtree.runner.TC001_WishList_AddToWishList" name="openUrl" time="7.197"/>
  <testcase classname="com.mindtree.runner.TC001_WishList_AddToWishList" name="searchAGift" time="4.746"/>
  <testcase classname="com.mindtree.runner.TC001_WishList_AddToWishList" name="selecttheGift" time="2.716"/>
  <testcase classname="com.mindtree.runner.TC001_WishList_AddToWishList" name="addGiftToWishlist" time="0.964"/>
  <testcase classname="com.mindtree.runner.TC001_WishList_AddToWishList" name="validateWishList" time="4.265"/>
</testsuite> <!-- TC005 -->
