<?xml version="1.0" encoding="UTF-8"?>
<testsuite xmlns:xsi="http://www.w3.org/2001/XMLSchema-instance" xsi:noNamespaceSchemaLocation="https://maven.apache.org/surefire/maven-surefire-plugin/xsd/surefire-test-report.xsd" name="TestSuite" time="252.432" tests="40" errors="0" skipped="0" failures="1">
  <properties>
[...]
</properties>
  <testcase name="openUrl" classname="com.mindtree.runner.TC001_PlaceAOrder_CorporateGift" time="5.698"/>
  <testcase name="placeOrder_CorporateGift" classname="com.mindtree.runner.TC001_PlaceAOrder_CorporateGift" time="5.613"/>
  <testcase name="verify_placedOrder" classname="com.mindtree.runner.TC001_PlaceAOrder_CorporateGift" time="7.216">
    <failure message="no such element: Unable to locate element: {&quot;method&quot;:&quot;css selector&quot;,&quot;selector&quot;:&quot;p.note.form-success&quot;}&#10;  (Session info: chrome=96.0.4664.45)&#10;For documentation on this error, please visit: https://www.seleniumhq.org/exceptions/no_such_element.html&#10;Build info: version: &apos;3.141.59&apos;, revision: &apos;e82be7d358&apos;, time: &apos;2018-11-14T08:17:03&apos;&#10;System info: host: &apos;BRIAN&apos;, ip: &apos;192.168.29.160&apos;, os.name: &apos;Windows 10&apos;, os.arch: &apos;amd64&apos;, os.version: &apos;10.0&apos;, java.version: &apos;16.0.2&apos;&#10;Driver info: org.openqa.selenium.chrome.ChromeDriver&#10;Capabilities {acceptInsecureCerts: false, browserName: chrome, browserVersion: 96.0.4664.45, chrome: {chromedriverVersion: 96.0.4664.45 (76e4c1bb2ab46..., userDataDir: C:\Users\Ram\AppData\Local\...}, goog:chromeOptions: {debuggerAddress: localhost:56575}, javascriptEnabled: true, networkConnectionEnabled: false, pageLoadStrategy: normal, platform: WINDOWS, platformName: WINDOWS, proxy: Proxy(), setWindowRect: true, strictFileInteractability: false, timeouts: {implicit: 0, pageLoad: 300000, script: 30000}, unhandledPromptBehavior: dismiss and notify, webauthn:extension:credBlob: true, webauthn:extension:largeBlob: true, webauthn:virtualAuthenticators: true}&#10;Session ID: 0621e39f65270081077a461f4a74ae29&#10;*** Element info: {Using=css selector, value=p.note.form-success}" type="org.openqa.selenium.NoSuchElementException">org.openqa.selenium.NoSuchElementException: 
no such element: Unable to locate element: {"method":"css selector","selector":"p.note.form-success"}
  (Session info: chrome=96.0.4664.45)
For documentation on this error, please visit: https://www.seleniumhq.org/exceptions/no_such_element.html
Build info: version: '3.141.59', revision: 'e82be7d358', time: '2018-11-14T08:17:03'
System info: host: 'BRIAN', ip: '192.168.29.160', os.name: 'Windows 10', os.arch: 'amd64', os.version: '10.0', java.version: '16.0.2'
Driver info: org.openqa.selenium.chrome.ChromeDriver
Capabilities {acceptInsecureCerts: false, browserName: chrome, browserVersion: 96.0.4664.45, chrome: {chromedriverVersion: 96.0.4664.45 (76e4c1bb2ab46..., userDataDir: C:\Users\Ram\AppData\Local\...}, goog:chromeOptions: {debuggerAddress: localhost:56575}, javascriptEnabled: true, networkConnectionEnabled: false, pageLoadStrategy: normal, platform: WINDOWS, platformName: WINDOWS, proxy: Proxy(), setWindowRect: true, strictFileInteractability: false, timeouts: {implicit: 0, pageLoad: 300000, script: 30000}, unhandledPromptBehavior: dismiss and notify, webauthn:extension:credBlob: true, webauthn:extension:largeBlob: true, webauthn:virtualAuthenticators: true}
Session ID: 0621e39f65270081077a461f4a74ae29
*** Element info: {Using=css selector, value=p.note.form-success}
	at com.mindtree.runner.TC001_PlaceAOrder_CorporateGift.verify_placedOrder(TC001_PlaceAOrder_CorporateGift.java:58)
</failure>
    <system-out><![CDATA[21.11.2021 00:40:35,679 INFO  TC001_PlaceAOrder_CorporateGift:56 - Validating the success text...
verify_placedOrder Test Failed....
21.11.2021 00:40:42,876 INFO  ScreenShot:28 - Screen Shot Captured... Stored to .\SS\verify_placedOrder21-11-2021-12-40-42.png
]]></system-out>
  </testcase>
  <testcase name="openUrl" classname="com.mindtree.runner.TC002_PlaceAOrder_PersonalisedGift" time="5.359"/>
  <testcase name="selectGift_PersonalizedGift" classname="com.mindtree.runner.TC002_PlaceAOrder_PersonalisedGift" time="8.557"/>
  <testcase name="placeOrder_PersonalizedGift" classname="com.mindtree.runner.TC002_PlaceAOrder_PersonalisedGift" time="4.052"/>
  <testcase name="openUrl" classname="com.mindtree.runner.TC003_PlaceAOrder_BirthdayGift" time="6.127"/>
  <testcase name="selectGiftCateg_BirthdayGift" classname="com.mindtree.runner.TC003_PlaceAOrder_BirthdayGift" time="4.765"/>
  <testcase name="selectGift_Birthdaygift" classname="com.mindtree.runner.TC003_PlaceAOrder_BirthdayGift" time="2.985"/>
  <testcase name="placeOrder_Birthdaygift" classname="com.mindtree.runner.TC003_PlaceAOrder_BirthdayGift" time="0.533"/>
  <testcase name="openUrl" classname="com.mindtree.runner.TC004_PlaceAOrder_SearchAProduct" time="6.337"/>
  <testcase name="searchAGift" classname="com.mindtree.runner.TC004_PlaceAOrder_SearchAProduct" time="2.929"/>
  <testcase name="selecttheGift" classname="com.mindtree.runner.TC004_PlaceAOrder_SearchAProduct" time="3.45"/>
  <testcase name="addGiftToCart" classname="com.mindtree.runner.TC004_PlaceAOrder_SearchAProduct" time="0.501"/>
  <testcase name="openUrl" classname="com.mindtree.runner.TC001_WishList_AddToWishList" time="7.198"/>
  <testcase name="searchAGift" classname="com.mindtree.runner.TC001_WishList_AddToWishList" time="4.746"/>
  <testcase name="selecttheGift" classname="com.mindtree.runner.TC001_WishList_AddToWishList" time="2.717"/>
  <testcase name="addGiftToWishlist" classname="com.mindtree.runner.TC001_WishList_AddToWishList" time="0.963"/>
  <testcase name="validateWishList" classname="com.mindtree.runner.TC001_WishList_AddToWishList" time="4.265"/>
  <testcase name="openUrl" classname="com.mindtree.runner.TC002_WishList_RemoveFromWishList" time="7.238"/>
  <testcase name="searchAGift" classname="com.mindtree.runner.TC002_WishList_RemoveFromWishList" time="3.272"/>
  <testcase name="selecttheGift" classname="com.mindtree.runner.TC002_WishList_RemoveFromWishList" time="3.941"/>
  <testcase name="addGiftToWishlist" classname="com.mindtree.runner.TC002_WishList_RemoveFromWishList" time="0.661"/>
  <testcase name="removeGiftFromWishlist" classname="com.mindtree.runner.TC002_WishList_RemoveFromWishList" time="4.343"/>
  <testcase name="openUrl" classname="com.mindtree.runner.TC003_WishList_AddToCartFromWishList" time="8.424"/>
  <testcase name="searchAGift" classname="com.mindtree.runner.TC003_WishList_AddToCartFromWishList" time="3.349"/>
  <testcase name="selecttheGift" classname="com.mindtree.runner.TC003_WishList_AddToCartFromWishList" time="2.659"/>
  <testcase name="addGiftToWishlist" classname="com.mindtree.runner.TC003_WishList_AddToCartFromWishList" time="0.772"/>
  <testcase name="addToCartFromWishlist" classname="com.mindtree.runner.TC003_WishList_AddToCartFromWishList" time="6.629"/>
  <testcase name="openUrl" classname="com.mindtree.runner.TC001_Cart_CheckOut" time="6.311"/>
  <testcase name="selectGift" classname="com.mindtree.runner.TC001_Cart_CheckOut" time="6.562"/>
  <testcase name="addGiftToCart" classname="com.mindtree.runner.TC001_Cart_CheckOut" time="0.569"/>
  <testcase name="clickOnCheckOut" classname="com.mindtree.runner.TC001_Cart_CheckOut" time="2.028"/>
  <testcase name="fillInfo" classname="com.mindtree.runner.TC001_Cart_CheckOut" time="19.017"/>
  <testcase name="chooseShippingPay" classname="com.mindtree.runner.TC001_Cart_CheckOut" time="11.45"/>
  <testcase name="openUrl" classname="com.mindtree.runner.TC002_Cart_RemoveFromCart" time="6.474"/>
  <testcase name="selectGiftAddToCart" classname="com.mindtree.runner.TC002_Cart_RemoveFromCart" time="8.876"/>
  <testcase name="removeGift" classname="com.mindtree.runner.TC002_Cart_RemoveFromCart" time="2.733"/>
  <testcase name="openUrl" classname="com.mindtree.runner.TC001_GiftCard_BuyGiftCard" time="7.309"/>
  <testcase name="selectGiftCard" classname="com.mindtree.runner.TC001_GiftCard_BuyGiftCard" time="2.857"/>
</testsuite>