<?xml version="1.0" encoding="UTF-8"?>
<testng-results ignored="0" total="40" passed="39" failed="1" skipped="0">
  <reporter-output>
  </reporter-output>
  <suite started-at="2021-11-20T22:05:27 IST" name="Suite" finished-at="2021-11-20T22:10:33 IST" duration-ms="306131">
    <groups>
    </groups>
    <test started-at="2021-11-20T22:05:27 IST" name="TC001" finished-at="2021-11-20T22:05:50 IST" duration-ms="23609">
      <class name="com.mindtree.runner.TC001_PlaceAOrder_CorporateGift">
        <test-method is-config="true" signature="initDriver()[pri:0, instance:com.mindtree.runner.TC001_PlaceAOrder_CorporateGift@3d9f6567]" started-at="2021-11-20T22:05:27 IST" name="initDriver" finished-at="2021-11-20T22:05:30 IST" duration-ms="2909" status="PASS">
          <reporter-output>
          </reporter-output>
        </test-method> <!-- initDriver -->
        <test-method signature="openUrl()[pri:0, instance:com.mindtree.runner.TC001_PlaceAOrder_CorporateGift@3d9f6567]" started-at="2021-11-20T22:05:30 IST" name="openUrl" finished-at="2021-11-20T22:05:36 IST" duration-ms="6712" status="PASS">
          <reporter-output>
          </reporter-output>
        </test-method> <!-- openUrl -->
        <test-method signature="placeOrder_CorporateGift(java.lang.String,java.lang.String,java.lang.String,java.lang.String)[pri:0, instance:com.mindtree.runner.TC001_PlaceAOrder_CorporateGift@3d9f6567]" started-at="2021-11-20T22:05:37 IST" name="placeOrder_CorporateGift" data-provider="getInfo" finished-at="2021-11-20T22:05:42 IST" depends-on-methods="com.mindtree.runner.TC001_PlaceAOrder_CorporateGift.openUrl" duration-ms="4807" status="PASS">
          <params>
            <param index="0">
              <value>
                <![CDATA[Sri Ram]]>
              </value>
            </param>
            <param index="1">
              <value>
                <![CDATA[sdet.ram@gmail.com]]>
              </value>
            </param>
            <param index="2">
              <value>
                <![CDATA[9502237082]]>
              </value>
            </param>
            <param index="3">
              <value>
                <![CDATA[Dummy text]]>
              </value>
            </param>
          </params>
          <reporter-output>
          </reporter-output>
        </test-method> <!-- placeOrder_CorporateGift -->
        <test-method signature="verify_placedOrder()[pri:0, instance:com.mindtree.runner.TC001_PlaceAOrder_CorporateGift@3d9f6567]" started-at="2021-11-20T22:05:42 IST" name="verify_placedOrder" finished-at="2021-11-20T22:05:49 IST" depends-on-methods="com.mindtree.runner.TC001_PlaceAOrder_CorporateGift.placeOrder_CorporateGift" duration-ms="7077" status="FAIL">
          <exception class="org.openqa.selenium.NoSuchElementException">
            <message>
              <![CDATA[no such element: Unable to locate element: {"method":"css selector","selector":"p.note.form-success"}
  (Session info: chrome=95.0.4638.69)
For documentation on this error, please visit: https://www.seleniumhq.org/exceptions/no_such_element.html
Build info: version: '3.141.59', revision: 'e82be7d358', time: '2018-11-14T08:17:03'
System info: host: 'BRIAN', ip: '192.168.29.160', os.name: 'Windows 10', os.arch: 'amd64', os.version: '10.0', java.version: '16.0.2'
Driver info: org.openqa.selenium.chrome.ChromeDriver
Capabilities {acceptInsecureCerts: false, browserName: chrome, browserVersion: 95.0.4638.69, chrome: {chromedriverVersion: 94.0.4606.41 (333e85df3c9b6..., userDataDir: C:\Users\Ram\AppData\Local\...}, goog:chromeOptions: {debuggerAddress: localhost:63921}, javascriptEnabled: true, networkConnectionEnabled: false, pageLoadStrategy: normal, platform: WINDOWS, platformName: WINDOWS, proxy: Proxy(), setWindowRect: true, strictFileInteractability: false, timeouts: {implicit: 0, pageLoad: 300000, script: 30000}, unhandledPromptBehavior: dismiss and notify, webauthn:extension:credBlob: true, webauthn:extension:largeBlob: true, webauthn:virtualAuthenticators: true}
Session ID: 44d1be8467b33832b1d516f1db990c5a
*** Element info: {Using=css selector, value=p.note.form-success}]]>
            </message>
            <full-stacktrace>
              <![CDATA[org.openqa.selenium.NoSuchElementException: no such element: Unable to locate element: {"method":"css selector","selector":"p.note.form-success"}
  (Session info: chrome=95.0.4638.69)
For documentation on this error, please visit: https://www.seleniumhq.org/exceptions/no_such_element.html
Build info: version: '3.141.59', revision: 'e82be7d358', time: '2018-11-14T08:17:03'
System info: host: 'BRIAN', ip: '192.168.29.160', os.name: 'Windows 10', os.arch: 'amd64', os.version: '10.0', java.version: '16.0.2'
Driver info: org.openqa.selenium.chrome.ChromeDriver
Capabilities {acceptInsecureCerts: false, browserName: chrome, browserVersion: 95.0.4638.69, chrome: {chromedriverVersion: 94.0.4606.41 (333e85df3c9b6..., userDataDir: C:\Users\Ram\AppData\Local\...}, goog:chromeOptions: {debuggerAddress: localhost:63921}, javascriptEnabled: true, networkConnectionEnabled: false, pageLoadStrategy: normal, platform: WINDOWS, platformName: WINDOWS, proxy: Proxy(), setWindowRect: true, strictFileInteractability: false, timeouts: {implicit: 0, pageLoad: 300000, script: 30000}, unhandledPromptBehavior: dismiss and notify, webauthn:extension:credBlob: true, webauthn:extension:largeBlob: true, webauthn:virtualAuthenticators: true}
Session ID: 44d1be8467b33832b1d516f1db990c5a
*** Element info: {Using=css selector, value=p.note.form-success}
at java.base/jdk.internal.reflect.NativeConstructorAccessorImpl.newInstance0(Native Method)
at java.base/jdk.internal.reflect.NativeConstructorAccessorImpl.newInstance(NativeConstructorAccessorImpl.java:78)
at java.base/jdk.internal.reflect.DelegatingConstructorAccessorImpl.newInstance(DelegatingConstructorAccessorImpl.java:45)
at java.base/java.lang.reflect.Constructor.newInstanceWithCaller(Constructor.java:499)
at java.base/java.lang.reflect.Constructor.newInstance(Constructor.java:480)
at org.openqa.selenium.remote.http.W3CHttpResponseCodec.createException(W3CHttpResponseCodec.java:187)
at org.openqa.selenium.remote.http.W3CHttpResponseCodec.decode(W3CHttpResponseCodec.java:122)
at org.openqa.selenium.remote.http.W3CHttpResponseCodec.decode(W3CHttpResponseCodec.java:49)
at org.openqa.selenium.remote.HttpCommandExecutor.execute(HttpCommandExecutor.java:158)
at org.openqa.selenium.remote.service.DriverCommandExecutor.execute(DriverCommandExecutor.java:83)
at org.openqa.selenium.remote.RemoteWebDriver.execute(RemoteWebDriver.java:552)
at org.openqa.selenium.remote.RemoteWebDriver.findElement(RemoteWebDriver.java:323)
at org.openqa.selenium.remote.RemoteWebDriver.findElementByCssSelector(RemoteWebDriver.java:420)
at org.openqa.selenium.By$ByCssSelector.findElement(By.java:431)
at org.openqa.selenium.remote.RemoteWebDriver.findElement(RemoteWebDriver.java:315)
at com.mindtree.pageObjects.CorporateGiftsPage.getSuccessMsg(CorporateGiftsPage.java:36)
at com.mindtree.runner.TC001_PlaceAOrder_CorporateGift.verify_placedOrder(TC001_PlaceAOrder_CorporateGift.java:58)
at java.base/jdk.internal.reflect.NativeMethodAccessorImpl.invoke0(Native Method)
at java.base/jdk.internal.reflect.NativeMethodAccessorImpl.invoke(NativeMethodAccessorImpl.java:78)
at java.base/jdk.internal.reflect.DelegatingMethodAccessorImpl.invoke(DelegatingMethodAccessorImpl.java:43)
at java.base/java.lang.reflect.Method.invoke(Method.java:567)
at org.testng.internal.MethodInvocationHelper.invokeMethod(MethodInvocationHelper.java:133)
at org.testng.internal.TestInvoker.invokeMethod(TestInvoker.java:598)
at org.testng.internal.TestInvoker.invokeTestMethod(TestInvoker.java:173)
at org.testng.internal.MethodRunner.runInSequence(MethodRunner.java:46)
at org.testng.internal.TestInvoker$MethodInvocationAgent.invoke(TestInvoker.java:824)
at org.testng.internal.TestInvoker.invokeTestMethods(TestInvoker.java:146)
at org.testng.internal.TestMethodWorker.invokeTestMethods(TestMethodWorker.java:146)
at org.testng.internal.TestMethodWorker.run(TestMethodWorker.java:128)
at java.base/java.util.ArrayList.forEach(ArrayList.java:1511)
at org.testng.TestRunner.privateRun(TestRunner.java:794)
at org.testng.TestRunner.run(TestRunner.java:596)
at org.testng.SuiteRunner.runTest(SuiteRunner.java:377)
at org.testng.SuiteRunner.runSequentially(SuiteRunner.java:371)
at org.testng.SuiteRunner.privateRun(SuiteRunner.java:332)
at org.testng.SuiteRunner.run(SuiteRunner.java:276)
at org.testng.SuiteRunnerWorker.runSuite(SuiteRunnerWorker.java:53)
at org.testng.SuiteRunnerWorker.run(SuiteRunnerWorker.java:96)
at org.testng.TestNG.runSuitesSequentially(TestNG.java:1212)
at org.testng.TestNG.runSuitesLocally(TestNG.java:1134)
at org.testng.TestNG.runSuites(TestNG.java:1063)
at org.testng.TestNG.run(TestNG.java:1031)
at org.testng.remote.AbstractRemoteTestNG.run(AbstractRemoteTestNG.java:115)
at org.testng.remote.RemoteTestNG.initAndRun(RemoteTestNG.java:251)
at org.testng.remote.RemoteTestNG.main(RemoteTestNG.java:77)
]]>
            </full-stacktrace>
          </exception> <!-- org.openqa.selenium.NoSuchElementException -->
          <reporter-output>
          </reporter-output>
        </test-method> <!-- verify_placedOrder -->
        <test-method is-config="true" signature="endTest()[pri:0, instance:com.mindtree.runner.TC001_PlaceAOrder_CorporateGift@3d9f6567]" started-at="2021-11-20T22:05:49 IST" name="endTest" finished-at="2021-11-20T22:05:50 IST" duration-ms="1025" status="PASS">
          <reporter-output>
          </reporter-output>
        </test-method> <!-- endTest -->
      </class> <!-- com.mindtree.runner.TC001_PlaceAOrder_CorporateGift -->
    </test> <!-- TC001 -->
    <test started-at="2021-11-20T22:05:50 IST" name="TC002" finished-at="2021-11-20T22:06:18 IST" duration-ms="28119">
      <class name="com.mindtree.runner.TC002_PlaceAOrder_PersonalisedGift">
        <test-method is-config="true" signature="initDriver()[pri:0, instance:com.mindtree.runner.TC002_PlaceAOrder_PersonalisedGift@736d6a5c]" started-at="2021-11-20T22:05:50 IST" name="initDriver" finished-at="2021-11-20T22:05:55 IST" duration-ms="4888" status="PASS">
          <reporter-output>
          </reporter-output>
        </test-method> <!-- initDriver -->
        <test-method signature="openUrl()[pri:0, instance:com.mindtree.runner.TC002_PlaceAOrder_PersonalisedGift@736d6a5c]" started-at="2021-11-20T22:05:55 IST" name="openUrl" finished-at="2021-11-20T22:06:00 IST" duration-ms="4924" status="PASS">
          <reporter-output>
          </reporter-output>
        </test-method> <!-- openUrl -->
        <test-method signature="selectGift_PersonalizedGift()[pri:0, instance:com.mindtree.runner.TC002_PlaceAOrder_PersonalisedGift@736d6a5c]" started-at="2021-11-20T22:06:00 IST" name="selectGift_PersonalizedGift" finished-at="2021-11-20T22:06:11 IST" depends-on-methods="com.mindtree.runner.TC002_PlaceAOrder_PersonalisedGift.openUrl" duration-ms="11083" status="PASS">
          <reporter-output>
          </reporter-output>
        </test-method> <!-- selectGift_PersonalizedGift -->
        <test-method signature="placeOrder_PersonalizedGift()[pri:0, instance:com.mindtree.runner.TC002_PlaceAOrder_PersonalisedGift@736d6a5c]" started-at="2021-11-20T22:06:11 IST" name="placeOrder_PersonalizedGift" finished-at="2021-11-20T22:06:17 IST" depends-on-methods="com.mindtree.runner.TC002_PlaceAOrder_PersonalisedGift.selectGift_PersonalizedGift" duration-ms="6128" status="PASS">
          <reporter-output>
          </reporter-output>
        </test-method> <!-- placeOrder_PersonalizedGift -->
        <test-method is-config="true" signature="endTest()[pri:0, instance:com.mindtree.runner.TC002_PlaceAOrder_PersonalisedGift@736d6a5c]" started-at="2021-11-20T22:06:17 IST" name="endTest" finished-at="2021-11-20T22:06:18 IST" duration-ms="1087" status="PASS">
          <reporter-output>
          </reporter-output>
        </test-method> <!-- endTest -->
      </class> <!-- com.mindtree.runner.TC002_PlaceAOrder_PersonalisedGift -->
    </test> <!-- TC002 -->
    <test started-at="2021-11-20T22:06:18 IST" name="TC003" finished-at="2021-11-20T22:06:48 IST" duration-ms="29790">
      <class name="com.mindtree.runner.TC003_PlaceAOrder_BirthdayGift">
        <test-method is-config="true" signature="initDriver()[pri:0, instance:com.mindtree.runner.TC003_PlaceAOrder_BirthdayGift@424fd310]" started-at="2021-11-20T22:06:18 IST" name="initDriver" finished-at="2021-11-20T22:06:22 IST" duration-ms="3485" status="PASS">
          <reporter-output>
          </reporter-output>
        </test-method> <!-- initDriver -->
        <test-method signature="openUrl()[pri:0, instance:com.mindtree.runner.TC003_PlaceAOrder_BirthdayGift@424fd310]" started-at="2021-11-20T22:06:22 IST" name="openUrl" finished-at="2021-11-20T22:06:31 IST" duration-ms="8932" status="PASS">
          <reporter-output>
          </reporter-output>
        </test-method> <!-- openUrl -->
        <test-method signature="selectGiftCateg_BirthdayGift()[pri:0, instance:com.mindtree.runner.TC003_PlaceAOrder_BirthdayGift@424fd310]" started-at="2021-11-20T22:06:31 IST" name="selectGiftCateg_BirthdayGift" finished-at="2021-11-20T22:06:40 IST" depends-on-methods="com.mindtree.runner.TC003_PlaceAOrder_BirthdayGift.openUrl" duration-ms="8946" status="PASS">
          <reporter-output>
          </reporter-output>
        </test-method> <!-- selectGiftCateg_BirthdayGift -->
        <test-method signature="selectGift_Birthdaygift()[pri:0, instance:com.mindtree.runner.TC003_PlaceAOrder_BirthdayGift@424fd310]" started-at="2021-11-20T22:06:40 IST" name="selectGift_Birthdaygift" finished-at="2021-11-20T22:06:43 IST" depends-on-methods="com.mindtree.runner.TC003_PlaceAOrder_BirthdayGift.selectGiftCateg_BirthdayGift" duration-ms="2822" status="PASS">
          <reporter-output>
          </reporter-output>
        </test-method> <!-- selectGift_Birthdaygift -->
        <test-method signature="placeOrder_Birthdaygift()[pri:0, instance:com.mindtree.runner.TC003_PlaceAOrder_BirthdayGift@424fd310]" started-at="2021-11-20T22:06:43 IST" name="placeOrder_Birthdaygift" finished-at="2021-11-20T22:06:44 IST" depends-on-methods="com.mindtree.runner.TC003_PlaceAOrder_BirthdayGift.selectGift_Birthdaygift" duration-ms="1007" status="PASS">
          <reporter-output>
          </reporter-output>
        </test-method> <!-- placeOrder_Birthdaygift -->
        <test-method is-config="true" signature="endTest()[pri:0, instance:com.mindtree.runner.TC003_PlaceAOrder_BirthdayGift@424fd310]" started-at="2021-11-20T22:06:44 IST" name="endTest" finished-at="2021-11-20T22:06:48 IST" duration-ms="4575" status="PASS">
          <reporter-output>
          </reporter-output>
        </test-method> <!-- endTest -->
      </class> <!-- com.mindtree.runner.TC003_PlaceAOrder_BirthdayGift -->
    </test> <!-- TC003 -->
    <test started-at="2021-11-20T22:06:48 IST" name="TC004" finished-at="2021-11-20T22:07:11 IST" duration-ms="23279">
      <class name="com.mindtree.runner.TC004_PlaceAOrder_SearchAProduct">
        <test-method is-config="true" signature="initDriver()[pri:0, instance:com.mindtree.runner.TC004_PlaceAOrder_SearchAProduct@70efb718]" started-at="2021-11-20T22:06:48 IST" name="initDriver" finished-at="2021-11-20T22:06:50 IST" duration-ms="2255" status="PASS">
          <reporter-output>
          </reporter-output>
        </test-method> <!-- initDriver -->
        <test-method signature="openUrl()[pri:0, instance:com.mindtree.runner.TC004_PlaceAOrder_SearchAProduct@70efb718]" started-at="2021-11-20T22:06:50 IST" name="openUrl" finished-at="2021-11-20T22:06:57 IST" duration-ms="6314" status="PASS">
          <reporter-output>
          </reporter-output>
        </test-method> <!-- openUrl -->
        <test-method signature="searchAGift()[pri:0, instance:com.mindtree.runner.TC004_PlaceAOrder_SearchAProduct@70efb718]" started-at="2021-11-20T22:06:57 IST" name="searchAGift" finished-at="2021-11-20T22:07:01 IST" depends-on-methods="com.mindtree.runner.TC004_PlaceAOrder_SearchAProduct.openUrl" duration-ms="3734" status="PASS">
          <reporter-output>
          </reporter-output>
        </test-method> <!-- searchAGift -->
        <test-method signature="selecttheGift()[pri:0, instance:com.mindtree.runner.TC004_PlaceAOrder_SearchAProduct@70efb718]" started-at="2021-11-20T22:07:01 IST" name="selecttheGift" finished-at="2021-11-20T22:07:05 IST" depends-on-methods="com.mindtree.runner.TC004_PlaceAOrder_SearchAProduct.searchAGift" duration-ms="4924" status="PASS">
          <reporter-output>
          </reporter-output>
        </test-method> <!-- selecttheGift -->
        <test-method signature="addGiftToCart()[pri:0, instance:com.mindtree.runner.TC004_PlaceAOrder_SearchAProduct@70efb718]" started-at="2021-11-20T22:07:05 IST" name="addGiftToCart" finished-at="2021-11-20T22:07:06 IST" depends-on-methods="com.mindtree.runner.TC004_PlaceAOrder_SearchAProduct.selecttheGift" duration-ms="437" status="PASS">
          <reporter-output>
          </reporter-output>
        </test-method> <!-- addGiftToCart -->
        <test-method is-config="true" signature="endTest()[pri:0, instance:com.mindtree.runner.TC004_PlaceAOrder_SearchAProduct@70efb718]" started-at="2021-11-20T22:07:06 IST" name="endTest" finished-at="2021-11-20T22:07:11 IST" duration-ms="5605" status="PASS">
          <reporter-output>
          </reporter-output>
        </test-method> <!-- endTest -->
      </class> <!-- com.mindtree.runner.TC004_PlaceAOrder_SearchAProduct -->
    </test> <!-- TC004 -->
    <test started-at="2021-11-20T22:07:12 IST" name="TC005" finished-at="2021-11-20T22:07:45 IST" duration-ms="33359">
      <class name="com.mindtree.runner.TC001_WishList_AddToWishList">
        <test-method is-config="true" signature="initDriver()[pri:0, instance:com.mindtree.runner.TC001_WishList_AddToWishList@1c3146bc]" started-at="2021-11-20T22:07:12 IST" name="initDriver" finished-at="2021-11-20T22:07:14 IST" duration-ms="2679" status="PASS">
          <reporter-output>
          </reporter-output>
        </test-method> <!-- initDriver -->
        <test-method signature="openUrl()[pri:0, instance:com.mindtree.runner.TC001_WishList_AddToWishList@1c3146bc]" started-at="2021-11-20T22:07:14 IST" name="openUrl" finished-at="2021-11-20T22:07:27 IST" duration-ms="13076" status="PASS">
          <reporter-output>
          </reporter-output>
        </test-method> <!-- openUrl -->
        <test-method signature="searchAGift()[pri:0, instance:com.mindtree.runner.TC001_WishList_AddToWishList@1c3146bc]" started-at="2021-11-20T22:07:27 IST" name="searchAGift" finished-at="2021-11-20T22:07:32 IST" depends-on-methods="com.mindtree.runner.TC001_WishList_AddToWishList.openUrl" duration-ms="4257" status="PASS">
          <reporter-output>
          </reporter-output>
        </test-method> <!-- searchAGift -->
        <test-method signature="selecttheGift()[pri:0, instance:com.mindtree.runner.TC001_WishList_AddToWishList@1c3146bc]" started-at="2021-11-20T22:07:32 IST" name="selecttheGift" finished-at="2021-11-20T22:07:36 IST" depends-on-methods="com.mindtree.runner.TC001_WishList_AddToWishList.searchAGift" duration-ms="4246" status="PASS">
          <reporter-output>
          </reporter-output>
        </test-method> <!-- selecttheGift -->
        <test-method signature="addGiftToWishlist()[pri:0, instance:com.mindtree.runner.TC001_WishList_AddToWishList@1c3146bc]" started-at="2021-11-20T22:07:36 IST" name="addGiftToWishlist" finished-at="2021-11-20T22:07:37 IST" depends-on-methods="com.mindtree.runner.TC001_WishList_AddToWishList.selecttheGift" duration-ms="1179" status="PASS">
          <reporter-output>
          </reporter-output>
        </test-method> <!-- addGiftToWishlist -->
        <test-method signature="validateWishList()[pri:0, instance:com.mindtree.runner.TC001_WishList_AddToWishList@1c3146bc]" started-at="2021-11-20T22:07:37 IST" name="validateWishList" finished-at="2021-11-20T22:07:42 IST" depends-on-methods="com.mindtree.runner.TC001_WishList_AddToWishList.addGiftToWishlist" duration-ms="5169" status="PASS">
          <reporter-output>
          </reporter-output>
        </test-method> <!-- validateWishList -->
        <test-method is-config="true" signature="endTest()[pri:0, instance:com.mindtree.runner.TC001_WishList_AddToWishList@1c3146bc]" started-at="2021-11-20T22:07:42 IST" name="endTest" finished-at="2021-11-20T22:07:45 IST" duration-ms="2735" status="PASS">
          <reporter-output>
          </reporter-output>
        </test-method> <!-- endTest -->
      </class> <!-- com.mindtree.runner.TC001_WishList_AddToWishList -->
    </test> <!-- TC005 -->
    <test started-at="2021-11-20T22:07:45 IST" name="TC006" finished-at="2021-11-20T22:08:19 IST" duration-ms="33656">
      <class name="com.mindtree.runner.TC002_WishList_RemoveFromWishList">
        <test-method is-config="true" signature="initDriver()[pri:0, instance:com.mindtree.runner.TC002_WishList_RemoveFromWishList@32c8e539]" started-at="2021-11-20T22:07:45 IST" name="initDriver" finished-at="2021-11-20T22:07:47 IST" duration-ms="2426" status="PASS">
          <reporter-output>
          </reporter-output>
        </test-method> <!-- initDriver -->
        <test-method signature="openUrl()[pri:0, instance:com.mindtree.runner.TC002_WishList_RemoveFromWishList@32c8e539]" started-at="2021-11-20T22:07:47 IST" name="openUrl" finished-at="2021-11-20T22:07:58 IST" duration-ms="10451" status="PASS">
          <reporter-output>
          </reporter-output>
        </test-method> <!-- openUrl -->
        <test-method signature="searchAGift()[pri:0, instance:com.mindtree.runner.TC002_WishList_RemoveFromWishList@32c8e539]" started-at="2021-11-20T22:07:58 IST" name="searchAGift" finished-at="2021-11-20T22:08:01 IST" depends-on-methods="com.mindtree.runner.TC002_WishList_RemoveFromWishList.openUrl" duration-ms="3478" status="PASS">
          <reporter-output>
          </reporter-output>
        </test-method> <!-- searchAGift -->
        <test-method signature="selecttheGift()[pri:0, instance:com.mindtree.runner.TC002_WishList_RemoveFromWishList@32c8e539]" started-at="2021-11-20T22:08:01 IST" name="selecttheGift" finished-at="2021-11-20T22:08:08 IST" depends-on-methods="com.mindtree.runner.TC002_WishList_RemoveFromWishList.searchAGift" duration-ms="6554" status="PASS">
          <reporter-output>
          </reporter-output>
        </test-method> <!-- selecttheGift -->
        <test-method signature="addGiftToWishlist()[pri:0, instance:com.mindtree.runner.TC002_WishList_RemoveFromWishList@32c8e539]" started-at="2021-11-20T22:08:08 IST" name="addGiftToWishlist" finished-at="2021-11-20T22:08:09 IST" depends-on-methods="com.mindtree.runner.TC002_WishList_RemoveFromWishList.selecttheGift" duration-ms="975" status="PASS">
          <reporter-output>
          </reporter-output>
        </test-method> <!-- addGiftToWishlist -->
        <test-method signature="removeGiftFromWishlist()[pri:0, instance:com.mindtree.runner.TC002_WishList_RemoveFromWishList@32c8e539]" started-at="2021-11-20T22:08:09 IST" name="removeGiftFromWishlist" finished-at="2021-11-20T22:08:14 IST" depends-on-methods="com.mindtree.runner.TC002_WishList_RemoveFromWishList.addGiftToWishlist" duration-ms="5036" status="PASS">
          <reporter-output>
          </reporter-output>
        </test-method> <!-- removeGiftFromWishlist -->
        <test-method is-config="true" signature="endTest()[pri:0, instance:com.mindtree.runner.TC002_WishList_RemoveFromWishList@32c8e539]" started-at="2021-11-20T22:08:14 IST" name="endTest" finished-at="2021-11-20T22:08:19 IST" duration-ms="4725" status="PASS">
          <reporter-output>
          </reporter-output>
        </test-method> <!-- endTest -->
      </class> <!-- com.mindtree.runner.TC002_WishList_RemoveFromWishList -->
    </test> <!-- TC006 -->
    <test started-at="2021-11-20T22:08:19 IST" name="TC007" finished-at="2021-11-20T22:08:54 IST" duration-ms="35465">
      <class name="com.mindtree.runner.TC003_WishList_AddToCartFromWishList">
        <test-method is-config="true" signature="initDriver()[pri:0, instance:com.mindtree.runner.TC003_WishList_AddToCartFromWishList@42f33b5d]" started-at="2021-11-20T22:08:19 IST" name="initDriver" finished-at="2021-11-20T22:08:21 IST" duration-ms="2537" status="PASS">
          <reporter-output>
          </reporter-output>
        </test-method> <!-- initDriver -->
        <test-method signature="openUrl()[pri:0, instance:com.mindtree.runner.TC003_WishList_AddToCartFromWishList@42f33b5d]" started-at="2021-11-20T22:08:21 IST" name="openUrl" finished-at="2021-11-20T22:08:31 IST" duration-ms="9571" status="PASS">
          <reporter-output>
          </reporter-output>
        </test-method> <!-- openUrl -->
        <test-method signature="searchAGift()[pri:0, instance:com.mindtree.runner.TC003_WishList_AddToCartFromWishList@42f33b5d]" started-at="2021-11-20T22:08:31 IST" name="searchAGift" finished-at="2021-11-20T22:08:36 IST" depends-on-methods="com.mindtree.runner.TC003_WishList_AddToCartFromWishList.openUrl" duration-ms="5239" status="PASS">
          <reporter-output>
          </reporter-output>
        </test-method> <!-- searchAGift -->
        <test-method signature="selecttheGift()[pri:0, instance:com.mindtree.runner.TC003_WishList_AddToCartFromWishList@42f33b5d]" started-at="2021-11-20T22:08:36 IST" name="selecttheGift" finished-at="2021-11-20T22:08:41 IST" depends-on-methods="com.mindtree.runner.TC003_WishList_AddToCartFromWishList.searchAGift" duration-ms="5463" status="PASS">
          <reporter-output>
          </reporter-output>
        </test-method> <!-- selecttheGift -->
        <test-method signature="addGiftToWishlist()[pri:0, instance:com.mindtree.runner.TC003_WishList_AddToCartFromWishList@42f33b5d]" started-at="2021-11-20T22:08:41 IST" name="addGiftToWishlist" finished-at="2021-11-20T22:08:44 IST" depends-on-methods="com.mindtree.runner.TC003_WishList_AddToCartFromWishList.selecttheGift" duration-ms="2280" status="PASS">
          <reporter-output>
          </reporter-output>
        </test-method> <!-- addGiftToWishlist -->
        <test-method signature="addToCartFromWishlist()[pri:0, instance:com.mindtree.runner.TC003_WishList_AddToCartFromWishList@42f33b5d]" started-at="2021-11-20T22:08:44 IST" name="addToCartFromWishlist" finished-at="2021-11-20T22:08:53 IST" depends-on-methods="com.mindtree.runner.TC003_WishList_AddToCartFromWishList.addGiftToWishlist" duration-ms="9618" status="PASS">
          <reporter-output>
          </reporter-output>
        </test-method> <!-- addToCartFromWishlist -->
        <test-method is-config="true" signature="endTest()[pri:0, instance:com.mindtree.runner.TC003_WishList_AddToCartFromWishList@42f33b5d]" started-at="2021-11-20T22:08:53 IST" name="endTest" finished-at="2021-11-20T22:08:54 IST" duration-ms="739" status="PASS">
          <reporter-output>
          </reporter-output>
        </test-method> <!-- endTest -->
      </class> <!-- com.mindtree.runner.TC003_WishList_AddToCartFromWishList -->
    </test> <!-- TC007 -->
    <test started-at="2021-11-20T22:08:54 IST" name="TC008" finished-at="2021-11-20T22:09:47 IST" duration-ms="52935">
      <class name="com.mindtree.runner.TC001_Cart_CheckOut">
        <test-method is-config="true" signature="initDriver()[pri:0, instance:com.mindtree.runner.TC001_Cart_CheckOut@43aaf813]" started-at="2021-11-20T22:08:54 IST" name="initDriver" finished-at="2021-11-20T22:08:57 IST" duration-ms="2914" status="PASS">
          <reporter-output>
          </reporter-output>
        </test-method> <!-- initDriver -->
        <test-method signature="openUrl()[pri:0, instance:com.mindtree.runner.TC001_Cart_CheckOut@43aaf813]" started-at="2021-11-20T22:08:57 IST" name="openUrl" finished-at="2021-11-20T22:09:05 IST" duration-ms="7678" status="PASS">
          <reporter-output>
          </reporter-output>
        </test-method> <!-- openUrl -->
        <test-method signature="selectGift()[pri:0, instance:com.mindtree.runner.TC001_Cart_CheckOut@43aaf813]" started-at="2021-11-20T22:09:05 IST" name="selectGift" finished-at="2021-11-20T22:09:12 IST" depends-on-methods="com.mindtree.runner.TC001_Cart_CheckOut.openUrl" duration-ms="7516" status="PASS">
          <reporter-output>
          </reporter-output>
        </test-method> <!-- selectGift -->
        <test-method signature="addGiftToCart()[pri:0, instance:com.mindtree.runner.TC001_Cart_CheckOut@43aaf813]" started-at="2021-11-20T22:09:12 IST" name="addGiftToCart" finished-at="2021-11-20T22:09:13 IST" depends-on-methods="com.mindtree.runner.TC001_Cart_CheckOut.selectGift" duration-ms="1121" status="PASS">
          <reporter-output>
          </reporter-output>
        </test-method> <!-- addGiftToCart -->
        <test-method signature="clickOnCheckOut()[pri:0, instance:com.mindtree.runner.TC001_Cart_CheckOut@43aaf813]" started-at="2021-11-20T22:09:13 IST" name="clickOnCheckOut" finished-at="2021-11-20T22:09:14 IST" depends-on-methods="com.mindtree.runner.TC001_Cart_CheckOut.addGiftToCart" duration-ms="1076" status="PASS">
          <reporter-output>
          </reporter-output>
        </test-method> <!-- clickOnCheckOut -->
        <test-method signature="fillInfo()[pri:0, instance:com.mindtree.runner.TC001_Cart_CheckOut@43aaf813]" started-at="2021-11-20T22:09:14 IST" name="fillInfo" finished-at="2021-11-20T22:09:33 IST" depends-on-methods="com.mindtree.runner.TC001_Cart_CheckOut.clickOnCheckOut" duration-ms="18911" status="PASS">
          <reporter-output>
          </reporter-output>
        </test-method> <!-- fillInfo -->
        <test-method signature="chooseShippingPay()[pri:0, instance:com.mindtree.runner.TC001_Cart_CheckOut@43aaf813]" started-at="2021-11-20T22:09:33 IST" name="chooseShippingPay" finished-at="2021-11-20T22:09:46 IST" depends-on-methods="com.mindtree.runner.TC001_Cart_CheckOut.fillInfo" duration-ms="13248" status="PASS">
          <reporter-output>
          </reporter-output>
        </test-method> <!-- chooseShippingPay -->
        <test-method is-config="true" signature="endTest()[pri:0, instance:com.mindtree.runner.TC001_Cart_CheckOut@43aaf813]" started-at="2021-11-20T22:09:46 IST" name="endTest" finished-at="2021-11-20T22:09:47 IST" duration-ms="461" status="PASS">
          <reporter-output>
          </reporter-output>
        </test-method> <!-- endTest -->
      </class> <!-- com.mindtree.runner.TC001_Cart_CheckOut -->
    </test> <!-- TC008 -->
    <test started-at="2021-11-20T22:09:47 IST" name="TC009" finished-at="2021-11-20T22:10:17 IST" duration-ms="30317">
      <class name="com.mindtree.runner.TC002_Cart_RemoveFromCart">
        <test-method is-config="true" signature="initDriver()[pri:0, instance:com.mindtree.runner.TC002_Cart_RemoveFromCart@f001896]" started-at="2021-11-20T22:09:47 IST" name="initDriver" finished-at="2021-11-20T22:09:49 IST" duration-ms="2469" status="PASS">
          <reporter-output>
          </reporter-output>
        </test-method> <!-- initDriver -->
        <test-method signature="openUrl()[pri:0, instance:com.mindtree.runner.TC002_Cart_RemoveFromCart@f001896]" started-at="2021-11-20T22:09:49 IST" name="openUrl" finished-at="2021-11-20T22:09:59 IST" duration-ms="9979" status="PASS">
          <reporter-output>
          </reporter-output>
        </test-method> <!-- openUrl -->
        <test-method signature="selectGiftAddToCart()[pri:0, instance:com.mindtree.runner.TC002_Cart_RemoveFromCart@f001896]" started-at="2021-11-20T22:09:59 IST" name="selectGiftAddToCart" finished-at="2021-11-20T22:10:09 IST" depends-on-methods="com.mindtree.runner.TC002_Cart_RemoveFromCart.openUrl" duration-ms="9877" status="PASS">
          <reporter-output>
          </reporter-output>
        </test-method> <!-- selectGiftAddToCart -->
        <test-method signature="removeGift()[pri:0, instance:com.mindtree.runner.TC002_Cart_RemoveFromCart@f001896]" started-at="2021-11-20T22:10:09 IST" name="removeGift" finished-at="2021-11-20T22:10:12 IST" depends-on-methods="com.mindtree.runner.TC002_Cart_RemoveFromCart.selectGiftAddToCart" duration-ms="2752" status="PASS">
          <reporter-output>
          </reporter-output>
        </test-method> <!-- removeGift -->
        <test-method is-config="true" signature="endTest()[pri:0, instance:com.mindtree.runner.TC002_Cart_RemoveFromCart@f001896]" started-at="2021-11-20T22:10:12 IST" name="endTest" finished-at="2021-11-20T22:10:17 IST" duration-ms="5235" status="PASS">
          <reporter-output>
          </reporter-output>
        </test-method> <!-- endTest -->
      </class> <!-- com.mindtree.runner.TC002_Cart_RemoveFromCart -->
    </test> <!-- TC009 -->
    <test started-at="2021-11-20T22:10:17 IST" name="TC010" finished-at="2021-11-20T22:10:33 IST" duration-ms="15479">
      <class name="com.mindtree.runner.TC001_GiftCard_BuyGiftCard">
        <test-method is-config="true" signature="initDriver()[pri:0, instance:com.mindtree.runner.TC001_GiftCard_BuyGiftCard@7ec3394b]" started-at="2021-11-20T22:10:17 IST" name="initDriver" finished-at="2021-11-20T22:10:19 IST" duration-ms="1848" status="PASS">
          <reporter-output>
          </reporter-output>
        </test-method> <!-- initDriver -->
        <test-method signature="openUrl()[pri:0, instance:com.mindtree.runner.TC001_GiftCard_BuyGiftCard@7ec3394b]" started-at="2021-11-20T22:10:19 IST" name="openUrl" finished-at="2021-11-20T22:10:28 IST" duration-ms="8529" status="PASS">
          <reporter-output>
          </reporter-output>
        </test-method> <!-- openUrl -->
        <test-method signature="selectGiftCard()[pri:0, instance:com.mindtree.runner.TC001_GiftCard_BuyGiftCard@7ec3394b]" started-at="2021-11-20T22:10:28 IST" name="selectGiftCard" finished-at="2021-11-20T22:10:32 IST" depends-on-methods="com.mindtree.runner.TC001_GiftCard_BuyGiftCard.openUrl" duration-ms="4606" status="PASS">
          <reporter-output>
          </reporter-output>
        </test-method> <!-- selectGiftCard -->
        <test-method is-config="true" signature="endTest()[pri:0, instance:com.mindtree.runner.TC001_GiftCard_BuyGiftCard@7ec3394b]" started-at="2021-11-20T22:10:32 IST" name="endTest" finished-at="2021-11-20T22:10:33 IST" duration-ms="485" status="PASS">
          <reporter-output>
          </reporter-output>
        </test-method> <!-- endTest -->
      </class> <!-- com.mindtree.runner.TC001_GiftCard_BuyGiftCard -->
    </test> <!-- TC010 -->
  </suite> <!-- Suite -->
</testng-results>
